GCCEQKKC2P7RSYXMX6ZZFBD3GOV4RNHC6HOGTV6JD4UOPBWGR3WOTPST
SD7NFW4K3ZLIHBYFM2DLOTX5WTDFYMQNQZRO7MVIWUKDC7TOVRHDH3FC
- adding and funding a TESTNET bot...
- bot added to TESTNET, txId d192f6b9e6dff6216e78759cf09cffc07c7ca4e7cb21bc0df42fdbd9233fa111
- bot funded, txId 8a1aa6c21695ece58ac08bcd171ea3b21a2083b229cd79f1ec626031d7184792

- broadcasting request:
Need a babysitter tomorrow from 6pm to 11pm for 2 kids: boy 3 and girl 7 yo. Can give a ride back home. GRAT 100 obo. - Cheers, Bot 4
...
- request broadcasted, balanceId 00000000e95eb39801ee5fbd4c5e94f0ffd4861318037c853691ed5bc311033ade4b2b06

- accepting bids for balanceId 00000000e95eb39801ee5fbd4c5e94f0ffd4861318037c853691ed5bc311033ade4b2b06...
true {
  account: 'GCCEQKKC2P7RSYXMX6ZZFBD3GOV4RNHC6HOGTV6JD4UOPBWGR3WOTPST',
  balanceId: null,
  cursor: 'now',
  debug: true,
  filter: 'claimable_balance_claimant_created',
  onData: [Function (anonymous)]
} retry: 1000
event: open
data: "hello"

id: 35326106017794-1
data: {"_links":{"operation":{"href":"https://horizon-testnet.stellar.org/operations/35326106017794"},"succeeds":{"href":"https://horizon-testnet.stellar.org/effects?order=desc\u0026cursor=35326106017794-1"},"precedes":{"href":"https://horizon-testnet.stellar.org/effects?order=asc\u0026cursor=35326106017794-1"}},"id":"0000035326106017794-0000000001","paging_token":"35326106017794-1","account":"GCCEQKKC2P7RSYXMX6ZZFBD3GOV4RNHC6HOGTV6JD4UOPBWGR3WOTPST","type":"data_removed","type_i":41,"created_at":"2022-03-16T21:48:12Z","name":"data0"}

id: 35326106017794-2
data: {"_links":{"operation":{"href":"https://horizon-testnet.stellar.org/operations/35326106017794"},"succeeds":{"href":"https://horizon-testnet.stellar.org/effects?order=desc\u0026cursor=35326106017794-2"},"precedes":{"href":"https://horizon-testnet.stellar.org/effects?order=asc\u0026cursor=35326106017794-2"}},"id":"0000035326106017794-0000000002","paging_token":"35326106017794-2","account":"GCCEQKKC2P7RSYXMX6ZZFBD3GOV4RNHC6HOGTV6JD4UOPBWGR3WOTPST","type":"data_sponsorship_removed","type_i":68,"created_at":"2022-03-16T21:48:12Z","data_name":"data0","former_sponsor":"GBZ6C2UIJO5LEHNW3KNX4FEWUEYAUDKIWDZKNWQGPM2ROWRB55SZB6QN"}

id: 35326106017795-1
data: {"_links":{"operation":{"href":"https://horizon-testnet.stellar.org/operations/35326106017795"},"succeeds":{"href":"https://horizon-testnet.stellar.org/effects?order=desc\u0026cursor=35326106017795-1"},"precedes":{"href":"https://horizon-testnet.stellar.org/effects?order=asc\u0026cursor=35326106017795-1"}},"id":"0000035326106017795-0000000001","paging_token":"35326106017795-1","account":"GCCEQKKC2P7RSYXMX6ZZFBD3GOV4RNHC6HOGTV6JD4UOPBWGR3WOTPST","type":"data_removed","type_i":41,"created_at":"2022-03-16T21:48:12Z","name":"data1"}

id: 35326106017795-2
data: {"_links":{"operation":{"href":"https://horizon-testnet.stellar.org/operations/35326106017795"},"succeeds":{"href":"https://horizon-testnet.stellar.org/effects?order=desc\u0026cursor=35326106017795-2"},"precedes":{"href":"https://horizon-testnet.stellar.org/effects?order=asc\u0026cursor=35326106017795-2"}},"id":"0000035326106017795-0000000002","paging_token":"35326106017795-2","account":"GCCEQKKC2P7RSYXMX6ZZFBD3GOV4RNHC6HOGTV6JD4UOPBWGR3WOTPST","type":"data_sponsorship_removed","type_i":68,"created_at":"2022-03-16T21:48:12Z","data_name":"data1","former_sponsor":"GBZ6C2UIJO5LEHNW3KNX4FEWUEYAUDKIWDZKNWQGPM2ROWRB55SZB6QN"}


true {
  account: 'GCCEQKKC2P7RSYXMX6ZZFBD3GOV4RNHC6HOGTV6JD4UOPBWGR3WOTPST',
  balanceId: null,
  cursor: 'now',
  debug: true,
  filter: 'claimable_balance_claimant_created',
  onData: [Function (anonymous)]
} id: 35326106017796-1
data: {"_links":{"operation":{"href":"https://horizon-testnet.stellar.org/operations/35326106017796"},"succeeds":{"href":"https://horizon-testnet.stellar.org/effects?order=desc\u0026cursor=35326106017796-1"},"precedes":{"href":"https://horizon-testnet.stellar.org/effects?order=asc\u0026cursor=35326106017796-1"}},"id":"0000035326106017796-0000000001","paging_token":"35326106017796-1","account":"GCCEQKKC2P7RSYXMX6ZZFBD3GOV4RNHC6HOGTV6JD4UOPBWGR3WOTPST","type":"data_removed","type_i":41,"created_at":"2022-03-16T21:48:12Z","name":"data2"}

id: 35326106017796-2
data: {"_links":{"operation":{"href":"https://horizon-testnet.stellar.org/operations/35326106017796"},"succeeds":{"href":"https://horizon-testnet.stellar.org/effects?order=desc\u0026cursor=35326106017796-2"},"precedes":{"href":"https://horizon-testnet.stellar.org/effects?order=asc\u0026cursor=35326106017796-2"}},"id":"0000035326106017796-0000000002","paging_token":"35326106017796-2","account":"GCCEQKKC2P7RSYXMX6ZZFBD3GOV4RNHC6HOGTV6JD4UOPBWGR3WOTPST","type":"data_sponsorship_removed","type_i":68,"created_at":"2022-03-16T21:48:12Z","data_name":"data2","former_sponsor":"GBZ6C2UIJO5LEHNW3KNX4FEWUEYAUDKIWDZKNWQGPM2ROWRB55SZB6QN"}


false {
  account: 'GCCEQKKC2P7RSYXMX6ZZFBD3GOV4RNHC6HOGTV6JD4UOPBWGR3WOTPST',
  balanceId: null,
  cursor: 'now',
  debug: true,
  filter: 'claimable_balance_claimant_created',
  onData: [Function (anonymous)]
} id: 35338990919682-2
data: {"_links":{"operation":{"href":"https://horizon-testnet.stellar.org/operations/35338990919682"},"succeeds":{"href":"https://horizon-testnet.stellar.org/effects?order=desc\u0026cursor=35338990919682-2"},"precedes":{"href":"https://horizon-testnet.stellar.org/effects?order=asc\u0026cursor=35338990919682-2"}},"id":"0000035338990919682-0000000002","paging_token":"35338990919682-2","account":"GCCEQKKC2P7RSYXMX6ZZFBD3GOV4RNHC6HOGTV6JD4UOPBWGR3WOTPST","type":"claimable_balance_claimant_created","type_i":51,"created_at":"2022-03-16T21:48:29Z","asset":"GRAT:GDRGWQSQJAACQTV4ITIG23PP2MHKOV4S2HNOHU3DDS5KD3JVXRFBMYEH","balance_id":"000000004aeb0fd632a9f7f9cf4365f54499258bc79b5fd71b80ce014bef581d1f184fd6","amount":"0.1000000","predicate":{"rel_before":"150"}}


{
  _links: {
    operation: {
      href: 'https://horizon-testnet.stellar.org/operations/35338990919682'
    },
    succeeds: {
      href: 'https://horizon-testnet.stellar.org/effects?order=desc&cursor=35338990919682-2'
    },
    precedes: {
      href: 'https://horizon-testnet.stellar.org/effects?order=asc&cursor=35338990919682-2'
    }
  },
  id: '0000035338990919682-0000000002',
  paging_token: '35338990919682-2',
  account: 'GCCEQKKC2P7RSYXMX6ZZFBD3GOV4RNHC6HOGTV6JD4UOPBWGR3WOTPST',
  type: 'claimable_balance_claimant_created',
  type_i: 51,
  created_at: '2022-03-16T21:48:29Z',
  asset: 'GRAT:GDRGWQSQJAACQTV4ITIG23PP2MHKOV4S2HNOHU3DDS5KD3JVXRFBMYEH',
  balance_id: '000000004aeb0fd632a9f7f9cf4365f54499258bc79b5fd71b80ce014bef581d1f184fd6',
  amount: '0.1000000',
  predicate: { rel_before: '150' }
} Bot 4, bidding GRAT 98 on your request. Cheers, Did Alik GDCBMUOO56XN5SXWUWJ5FCGDORU343NEDTBLZFG55BWVRRP6ZMCT6COA
- bid accepted; removing request, taking bid, paying bidder...
- request removed
- bid taken
- bot paid GRAT 98.1000000 to bidder

- bot merged to AGENT: GRAT 902.0000000,  userPK GCCEQKKC2P7RSYXMX6ZZFBD3GOV4RNHC6HOGTV6JD4UOPBWGR3WOTPST
- bot removed

- exiting makeDemoRequest...
